2016-05-10 08:43:15,148[FW Start/Stop]|INFO|com.prosyst.mbs.system.bundle|21-com.prosyst.mbs.system.bundle-1.0.0|[Framework] OSGi Runtime is Starting!
2016-05-10 08:43:15,151[FW Start/Stop]|INFO|com.prosyst.mbs.system.bundle|21-com.prosyst.mbs.system.bundle-1.0.0|../../../bundles/javax.servlet-api-3.1.0.jar was installed. Bundle ID is 1
2016-05-10 08:43:15,151[FW Start/Stop]|INFO|com.prosyst.mbs.system.bundle|21-com.prosyst.mbs.system.bundle-1.0.0|../../../bundles/org.osgi.compendium-5.0.0.jar was installed. Bundle ID is 2
2016-05-10 08:43:15,151[FW Start/Stop]|INFO|com.prosyst.mbs.system.bundle|21-com.prosyst.mbs.system.bundle-1.0.0|../../../bundles/com.prosyst.mbs.core.api-8.0.9.jar was installed. Bundle ID is 3
2016-05-10 08:43:15,151[FW Start/Stop]|INFO|com.prosyst.mbs.system.bundle|21-com.prosyst.mbs.system.bundle-1.0.0|../../../bundles/com.prosyst.mbs.core.threads-8.0.9.jar was installed. Bundle ID is 4
2016-05-10 08:43:15,151[FW Start/Stop]|INFO|com.prosyst.mbs.system.bundle|21-com.prosyst.mbs.system.bundle-1.0.0|../../../bundles/com.prosyst.mbs.core.db-8.0.9.jar was installed. Bundle ID is 5
2016-05-10 08:43:15,151[FW Start/Stop]|INFO|com.prosyst.mbs.system.bundle|21-com.prosyst.mbs.system.bundle-1.0.0|../../../bundles/com.prosyst.mbs.osgi.eventadmin-8.0.10.jar was installed. Bundle ID is 6
2016-05-10 08:43:15,152[FW Start/Stop]|INFO|com.prosyst.mbs.system.bundle|21-com.prosyst.mbs.system.bundle-1.0.0|../../../bundles/com.prosyst.mbs.osgi.metatype.bundle-8.0.10.jar was installed. Bundle ID is 7
2016-05-10 08:43:15,152[FW Start/Stop]|INFO|com.prosyst.mbs.system.bundle|21-com.prosyst.mbs.system.bundle-1.0.0|../../../bundles/com.prosyst.mbs.osgi.cm.bundle-8.0.9.jar was installed. Bundle ID is 8
2016-05-10 08:43:15,152[FW Start/Stop]|INFO|com.prosyst.mbs.system.bundle|21-com.prosyst.mbs.system.bundle-1.0.0|../../../bundles/com.prosyst.mbs.util.api-8.0.9.jar was installed. Bundle ID is 9
2016-05-10 08:43:15,152[FW Start/Stop]|INFO|com.prosyst.mbs.system.bundle|21-com.prosyst.mbs.system.bundle-1.0.0|../../../bundles/com.prosyst.mbs.osgi.api-8.0.9.jar was installed. Bundle ID is 10
2016-05-10 08:43:15,152[FW Start/Stop]|INFO|com.prosyst.mbs.system.bundle|21-com.prosyst.mbs.system.bundle-1.0.0|../../../bundles/com.prosyst.mbs.osgi.compendium.extension-8.0.9.jar was installed. Bundle ID is 11
2016-05-10 08:43:15,152[FW Start/Stop]|INFO|com.prosyst.mbs.system.bundle|21-com.prosyst.mbs.system.bundle-1.0.0|../../../bundles/jersey-all-2.10.1.jar was installed. Bundle ID is 12
2016-05-10 08:43:15,153[FW Start/Stop]|INFO|com.prosyst.mbs.system.bundle|21-com.prosyst.mbs.system.bundle-1.0.0|../../../bundles/com.ge.dspmicro.validateroute-api-16.1.1.jar was installed. Bundle ID is 13
2016-05-10 08:43:15,153[FW Start/Stop]|INFO|com.prosyst.mbs.system.bundle|21-com.prosyst.mbs.system.bundle-1.0.0|../../../bundles/com.ge.dspmicro.river-api-16.1.1.jar was installed. Bundle ID is 14
2016-05-10 08:43:15,153[FW Start/Stop]|INFO|com.prosyst.mbs.system.bundle|21-com.prosyst.mbs.system.bundle-1.0.0|../../../bundles/bcprov-jdk15on-1.52.jar was installed. Bundle ID is 15
2016-05-10 08:43:15,153[FW Start/Stop]|INFO|com.prosyst.mbs.system.bundle|21-com.prosyst.mbs.system.bundle-1.0.0|../../../bundles/bcpkix-jdk15on-1.52.jar was installed. Bundle ID is 16
2016-05-10 08:43:15,153[FW Start/Stop]|INFO|com.prosyst.mbs.system.bundle|21-com.prosyst.mbs.system.bundle-1.0.0|../../../bundles/org.apache.felix.fileinstall-ge-3.5.0.jar was installed. Bundle ID is 17
2016-05-10 08:43:15,153[FW Start/Stop]|INFO|com.prosyst.mbs.system.bundle|21-com.prosyst.mbs.system.bundle-1.0.0|../../../bundles/com.prosyst.mbs.osgi.useradmin-8.0.9.jar was installed. Bundle ID is 18
2016-05-10 08:43:15,154[FW Start/Stop]|INFO|com.prosyst.mbs.system.bundle|21-com.prosyst.mbs.system.bundle-1.0.0|../../../bundles/pax-logging-api-1.8.3.jar was installed. Bundle ID is 19
2016-05-10 08:43:15,154[FW Start/Stop]|INFO|com.prosyst.mbs.system.bundle|21-com.prosyst.mbs.system.bundle-1.0.0|../../../bundles/pax-logging-service-1.8.3.jar was installed. Bundle ID is 20
2016-05-10 08:43:15,154[FW Start/Stop]|INFO|com.prosyst.mbs.system.bundle|21-com.prosyst.mbs.system.bundle-1.0.0|../../../bundles/com.prosyst.mbs.core.log.redirect-8.0.9.jar was installed. Bundle ID is 21
2016-05-10 08:43:15,154[FW Start/Stop]|INFO|com.prosyst.mbs.system.bundle|21-com.prosyst.mbs.system.bundle-1.0.0|../../../bundles/com.ge.dspmicro.securityadmin-16.1.1.jar was installed. Bundle ID is 22
2016-05-10 08:43:15,154[FW Start/Stop]|INFO|com.prosyst.mbs.system.bundle|21-com.prosyst.mbs.system.bundle-1.0.0|../../../bundles/org.apache.felix.dependencymanager-4.1.0.jar was installed. Bundle ID is 23
2016-05-10 08:43:15,154[FW Start/Stop]|INFO|com.prosyst.mbs.system.bundle|21-com.prosyst.mbs.system.bundle-1.0.0|../../../bundles/org.apache.felix.http.bundle-2.3.2.jar was installed. Bundle ID is 24
2016-05-10 08:43:15,155[FW Start/Stop]|INFO|com.prosyst.mbs.system.bundle|21-com.prosyst.mbs.system.bundle-1.0.0|../../../bundles/com.prosyst.mbs.osgi.scr-8.0.9.jar was installed. Bundle ID is 25
2016-05-10 08:43:15,155[FW Start/Stop]|INFO|com.prosyst.mbs.system.bundle|21-com.prosyst.mbs.system.bundle-1.0.0|../../../bundles/org.apache.servicemix.specs.activation-api-1.1-1.9.0.jar was installed. Bundle ID is 26
2016-05-10 08:43:15,155[FW Start/Stop]|INFO|com.prosyst.mbs.system.bundle|21-com.prosyst.mbs.system.bundle-1.0.0|../../../bundles/org.apache.servicemix.specs.stax-api-1.0-1.9.0.jar was installed. Bundle ID is 27
2016-05-10 08:43:15,155[FW Start/Stop]|INFO|com.prosyst.mbs.system.bundle|21-com.prosyst.mbs.system.bundle-1.0.0|../../../bundles/org.apache.servicemix.specs.jaxb-api-2.2-1.9.0.jar was installed. Bundle ID is 28
2016-05-10 08:43:15,155[FW Start/Stop]|INFO|com.prosyst.mbs.system.bundle|21-com.prosyst.mbs.system.bundle-1.0.0|../../../bundles/com.ge.dspmicro.device-common-16.1.1.jar was installed. Bundle ID is 29
2016-05-10 08:43:15,155[FW Start/Stop]|INFO|com.prosyst.mbs.system.bundle|21-com.prosyst.mbs.system.bundle-1.0.0|../../../bundles/jackson-core-asl-1.9.13.jar was installed. Bundle ID is 30
2016-05-10 08:43:15,155[FW Start/Stop]|INFO|com.prosyst.mbs.system.bundle|21-com.prosyst.mbs.system.bundle-1.0.0|../../../bundles/jackson-mapper-asl-1.9.13.jar was installed. Bundle ID is 31
2016-05-10 08:43:15,156[FW Start/Stop]|INFO|com.prosyst.mbs.system.bundle|21-com.prosyst.mbs.system.bundle-1.0.0|../../../bundles/com.prosyst.mbs.osgi.commands-8.0.9.jar was installed. Bundle ID is 32
2016-05-10 08:43:15,156[FW Start/Stop]|INFO|com.prosyst.mbs.system.bundle|21-com.prosyst.mbs.system.bundle-1.0.0|../../../bundles/com.prosyst.mbs.core.commands-8.0.9.jar was installed. Bundle ID is 33
2016-05-10 08:43:15,156[FW Start/Stop]|INFO|com.prosyst.mbs.system.bundle|21-com.prosyst.mbs.system.bundle-1.0.0|../../../bundles/httpcore-osgi-4.4.1.jar was installed. Bundle ID is 34
2016-05-10 08:43:15,156[FW Start/Stop]|INFO|com.prosyst.mbs.system.bundle|21-com.prosyst.mbs.system.bundle-1.0.0|../../../bundles/jackson-jaxrs-1.9.13.jar was installed. Bundle ID is 35
2016-05-10 08:43:15,156[FW Start/Stop]|INFO|com.prosyst.mbs.system.bundle|21-com.prosyst.mbs.system.bundle-1.0.0|../../../bundles/provider-security-2.0-SR1.jar was installed. Bundle ID is 36
2016-05-10 08:43:15,156[FW Start/Stop]|INFO|com.prosyst.mbs.system.bundle|21-com.prosyst.mbs.system.bundle-1.0.0|../../../bundles/provider-multipart-2.0-SR1.jar was installed. Bundle ID is 37
2016-05-10 08:43:15,157[FW Start/Stop]|INFO|com.prosyst.mbs.system.bundle|21-com.prosyst.mbs.system.bundle-1.0.0|../../../bundles/com.ge.dspmicro.jaxrs-entityprovider-json-16.1.1.jar was installed. Bundle ID is 38
2016-05-10 08:43:15,157[FW Start/Stop]|INFO|com.prosyst.mbs.system.bundle|21-com.prosyst.mbs.system.bundle-1.0.0|../../../bundles/com.ge.dspmicro.machinegateway-api-16.1.1.jar was installed. Bundle ID is 39
2016-05-10 08:43:15,157[FW Start/Stop]|INFO|com.prosyst.mbs.system.bundle|21-com.prosyst.mbs.system.bundle-1.0.0|../../../bundles/publisher-4.1.jar was installed. Bundle ID is 40
2016-05-10 08:43:15,157[FW Start/Stop]|INFO|com.prosyst.mbs.system.bundle|21-com.prosyst.mbs.system.bundle-1.0.0|../../../bundles/com.prosyst.mbs.core.console-8.0.9.jar was installed. Bundle ID is 41
2016-05-10 08:43:15,157[FW Start/Stop]|INFO|com.prosyst.mbs.system.bundle|21-com.prosyst.mbs.system.bundle-1.0.0|../../../bundles/org.kxml2-2.3.0-prosyst2-8.0.9.jar was installed. Bundle ID is 42
2016-05-10 08:43:15,157[FW Start/Stop]|INFO|com.prosyst.mbs.system.bundle|21-com.prosyst.mbs.system.bundle-1.0.0|../../../bundles/commons-io-2.4.jar was installed. Bundle ID is 43
2016-05-10 08:43:15,158[FW Start/Stop]|INFO|com.prosyst.mbs.system.bundle|21-com.prosyst.mbs.system.bundle-1.0.0|../../../bundles/httpclient-osgi-ge-4.4.1.jar was installed. Bundle ID is 44
2016-05-10 08:43:15,158[FW Start/Stop]|INFO|com.prosyst.mbs.system.bundle|21-com.prosyst.mbs.system.bundle-1.0.0|../../../bundles/org.apache.servicemix.bundles.jaxb-impl-2.2.1.1_2.jar was installed. Bundle ID is 45
2016-05-10 08:43:15,158[FW Start/Stop]|INFO|com.prosyst.mbs.system.bundle|21-com.prosyst.mbs.system.bundle-1.0.0|../../../bundles/org.json-20131018-prosyst1-8.0.9.jar was installed. Bundle ID is 46
2016-05-10 08:43:15,158[FW Start/Stop]|INFO|com.prosyst.mbs.system.bundle|21-com.prosyst.mbs.system.bundle-1.0.0|../../../bundles/com.ge.dspmicro.storeforward-api-16.1.1.jar was installed. Bundle ID is 47
2016-05-10 08:43:15,158[FW Start/Stop]|INFO|com.prosyst.mbs.system.bundle|21-com.prosyst.mbs.system.bundle-1.0.0|../../../bundles/h2-1.4.185.jar was installed. Bundle ID is 48
2016-05-10 08:43:15,158[FW Start/Stop]|INFO|com.prosyst.mbs.system.bundle|21-com.prosyst.mbs.system.bundle-1.0.0|../../../bundles/com.ge.dspmicro.modelregistry-16.1.1.jar was installed. Bundle ID is 49
2016-05-10 08:43:15,159[FW Start/Stop]|INFO|com.prosyst.mbs.system.bundle|21-com.prosyst.mbs.system.bundle-1.0.0|../../../bundles/com.ge.dspmicro.hoover-api-16.1.1.jar was installed. Bundle ID is 50
2016-05-10 08:43:15,159[FW Start/Stop]|INFO|com.prosyst.mbs.system.bundle|21-com.prosyst.mbs.system.bundle-1.0.0|../../../bundles/javax.websocket-api-1.0.jar was installed. Bundle ID is 51
2016-05-10 08:43:15,159[FW Start/Stop]|INFO|com.prosyst.mbs.system.bundle|21-com.prosyst.mbs.system.bundle-1.0.0|../../../bundles/com.ge.dspmicro.wsclient-proxy-16.1.1.jar was installed. Bundle ID is 52
2016-05-10 08:43:15,159[FW Start/Stop]|INFO|com.prosyst.mbs.system.bundle|21-com.prosyst.mbs.system.bundle-1.0.0|../../../bundles/com.ge.dspmicro.wsclient-proxyfragment-16.1.1.jar was installed. Bundle ID is 53
2016-05-10 08:43:15,159[FW Start/Stop]|INFO|com.prosyst.mbs.system.bundle|21-com.prosyst.mbs.system.bundle-1.0.0|../../../bundles/websocket-api-9.2.1.v20140609.jar was installed. Bundle ID is 54
2016-05-10 08:43:15,159[FW Start/Stop]|INFO|com.prosyst.mbs.system.bundle|21-com.prosyst.mbs.system.bundle-1.0.0|../../../bundles/com.ge.dspmicro.httpriver-send-16.1.1.jar was installed. Bundle ID is 55
2016-05-10 08:43:15,159[FW Start/Stop]|INFO|com.prosyst.mbs.system.bundle|21-com.prosyst.mbs.system.bundle-1.0.0|../../../bundles/com.ge.dspmicro.opcua-common-16.1.1.jar was installed. Bundle ID is 56
2016-05-10 08:43:15,160[FW Start/Stop]|INFO|com.prosyst.mbs.system.bundle|21-com.prosyst.mbs.system.bundle-1.0.0|../../../bundles/com.ge.dspmicro.websocketriver-send-16.1.1.jar was installed. Bundle ID is 57
2016-05-10 08:43:15,160[FW Start/Stop]|INFO|com.prosyst.mbs.system.bundle|21-com.prosyst.mbs.system.bundle-1.0.0|../../../bundles/jetty-security-9.2.1.v20140609.jar was installed. Bundle ID is 58
2016-05-10 08:43:15,160[FW Start/Stop]|INFO|com.prosyst.mbs.system.bundle|21-com.prosyst.mbs.system.bundle-1.0.0|../../../bundles/jetty-servlet-9.2.1.v20140609.jar was installed. Bundle ID is 59
2016-05-10 08:43:15,160[FW Start/Stop]|INFO|com.prosyst.mbs.system.bundle|21-com.prosyst.mbs.system.bundle-1.0.0|../../../bundles/jetty-http-9.2.1.v20140609.jar was installed. Bundle ID is 60
2016-05-10 08:43:15,160[FW Start/Stop]|INFO|com.prosyst.mbs.system.bundle|21-com.prosyst.mbs.system.bundle-1.0.0|../../../bundles/jetty-util-9.2.1.v20140609.jar was installed. Bundle ID is 61
2016-05-10 08:43:15,160[FW Start/Stop]|INFO|com.prosyst.mbs.system.bundle|21-com.prosyst.mbs.system.bundle-1.0.0|../../../bundles/jetty-io-9.2.1.v20140609.jar was installed. Bundle ID is 62
2016-05-10 08:43:15,160[FW Start/Stop]|INFO|com.prosyst.mbs.system.bundle|21-com.prosyst.mbs.system.bundle-1.0.0|../../../bundles/websocket-servlet-9.2.1.v20140609.jar was installed. Bundle ID is 63
2016-05-10 08:43:15,161[FW Start/Stop]|INFO|com.prosyst.mbs.system.bundle|21-com.prosyst.mbs.system.bundle-1.0.0|../../../bundles/websocket-client-9.2.1.v20140609.jar was installed. Bundle ID is 64
2016-05-10 08:43:15,161[FW Start/Stop]|INFO|com.prosyst.mbs.system.bundle|21-com.prosyst.mbs.system.bundle-1.0.0|../../../bundles/websocket-common-9.2.1.v20140609.jar was installed. Bundle ID is 65
2016-05-10 08:43:15,161[FW Start/Stop]|INFO|com.prosyst.mbs.system.bundle|21-com.prosyst.mbs.system.bundle-1.0.0|../../../bundles/javax-websocket-client-impl-9.2.1.v20140609.jar was installed. Bundle ID is 66
2016-05-10 08:43:15,161[FW Start/Stop]|INFO|com.prosyst.mbs.system.bundle|21-com.prosyst.mbs.system.bundle-1.0.0|../../../bundles/javax-websocket-server-impl-9.2.1.v20140609.jar was installed. Bundle ID is 67
2016-05-10 08:43:15,161[FW Start/Stop]|INFO|com.prosyst.mbs.system.bundle|21-com.prosyst.mbs.system.bundle-1.0.0|../../../bundles/jetty-server-9.2.1.v20140609.jar was installed. Bundle ID is 68
2016-05-10 08:43:15,161[FW Start/Stop]|INFO|com.prosyst.mbs.system.bundle|21-com.prosyst.mbs.system.bundle-1.0.0|../../../bundles/websocket-server-9.2.1.v20140609.jar was installed. Bundle ID is 69
2016-05-10 08:43:15,161[FW Start/Stop]|INFO|com.prosyst.mbs.system.bundle|21-com.prosyst.mbs.system.bundle-1.0.0|../../../bundles/com.ge.dspmicro.httpclient-16.1.1.jar was installed. Bundle ID is 70
2016-05-10 08:43:15,161[FW Start/Stop]|INFO|com.prosyst.mbs.system.bundle|21-com.prosyst.mbs.system.bundle-1.0.0|../../../bundles/com.ge.dspmicro.predixcloud-identity-16.1.1.jar was installed. Bundle ID is 71
2016-05-10 08:43:15,162[FW Start/Stop]|INFO|com.prosyst.mbs.system.bundle|21-com.prosyst.mbs.system.bundle-1.0.0|../../../bundles/com.ge.dspmicro.storeforward-impl-16.1.1.jar was installed. Bundle ID is 72
2016-05-10 08:43:15,162[FW Start/Stop]|INFO|com.prosyst.mbs.system.bundle|21-com.prosyst.mbs.system.bundle-1.0.0|../../../bundles/com.ge.dspmicro.machinegateway-impl-16.1.1.jar was installed. Bundle ID is 73
2016-05-10 08:43:15,162[FW Start/Stop]|INFO|com.prosyst.mbs.system.bundle|21-com.prosyst.mbs.system.bundle-1.0.0|../../../bundles/com.ge.dspmicro.hoover-impl-16.1.1.jar was installed. Bundle ID is 74
2016-05-10 08:43:15,162[FW Start/Stop]|INFO|com.prosyst.mbs.system.bundle|21-com.prosyst.mbs.system.bundle-1.0.0|../../../bundles/com.ge.dspmicro.machineadapter-opcua-16.1.1.jar was installed. Bundle ID is 75
2016-05-10 08:43:15,162[FW Start/Stop]|INFO|com.prosyst.mbs.system.bundle|21-com.prosyst.mbs.system.bundle-1.0.0|../../../bundles/com.ge.dspmicro.machineadapter-modbus-16.1.1.jar was installed. Bundle ID is 76
2016-05-10 08:43:15,162[FW Start/Stop]|INFO|com.prosyst.mbs.system.bundle|21-com.prosyst.mbs.system.bundle-1.0.0|../../../bundles/com.ge.dspmicro.machineadapter-healthmonitor-16.1.1.jar was installed. Bundle ID is 77
2016-05-10 08:43:15,162[FW Start/Stop]|INFO|com.prosyst.mbs.system.bundle|21-com.prosyst.mbs.system.bundle-1.0.0|../../../bundles/com.ge.dspmicro.wsclient-impl-16.1.1.jar was installed. Bundle ID is 78
2016-05-10 08:43:15,163[FW Start/Stop]|INFO|com.prosyst.mbs.system.bundle|21-com.prosyst.mbs.system.bundle-1.0.0|../../../bundles/com.ge.dspmicro.wsserver-16.1.1.jar was installed. Bundle ID is 79
2016-05-10 08:43:15,163[FW Start/Stop]|INFO|com.prosyst.mbs.system.bundle|21-com.prosyst.mbs.system.bundle-1.0.0|Bundle with id #1 javax.servlet-api, 3.1.0 was started.
2016-05-10 08:43:15,163[FW Start/Stop]|INFO|com.prosyst.mbs.system.bundle|21-com.prosyst.mbs.system.bundle-1.0.0|Bundle with id #2 osgi.cmpn, 5.0.0.201305092017 was started.
2016-05-10 08:43:15,163[FW Start/Stop]|INFO|com.prosyst.mbs.system.bundle|21-com.prosyst.mbs.system.bundle-1.0.0|Bundle with id #3 com.prosyst.mbs.core.api, 1.0.2 was started.
2016-05-10 08:43:15,163[FW Start/Stop]|INFO|com.prosyst.mbs.system.bundle|21-com.prosyst.mbs.system.bundle-1.0.0|Bundle with id #4 com.prosyst.mbs.core.threads, 1.0.2 was started.
2016-05-10 08:43:15,163[FW Start/Stop]|INFO|com.prosyst.mbs.system.bundle|21-com.prosyst.mbs.system.bundle-1.0.0|Bundle with id #5 com.prosyst.mbs.core.db, 1.0.2 was started.
2016-05-10 08:43:15,163[FW Start/Stop]|INFO|com.prosyst.mbs.system.bundle|21-com.prosyst.mbs.system.bundle-1.0.0|Bundle with id #6 com.prosyst.mbs.osgi.eventadmin, 1.0.8 was lazy started.
2016-05-10 08:43:15,164[FW Start/Stop]|INFO|com.prosyst.mbs.system.bundle|21-com.prosyst.mbs.system.bundle-1.0.0|Bundle with id #7 com.prosyst.mbs.osgi.metatype.bundle, 1.0.8 was lazy started.
2016-05-10 08:43:15,164[FW Start/Stop]|INFO|com.prosyst.mbs.system.bundle|21-com.prosyst.mbs.system.bundle-1.0.0|Bundle with id #8 com.prosyst.mbs.osgi.cm.bundle, 1.0.8 was lazy started.
2016-05-10 08:43:15,164[FW Start/Stop]|INFO|com.prosyst.mbs.system.bundle|21-com.prosyst.mbs.system.bundle-1.0.0|Bundle with id #9 com.prosyst.mbs.util.api, 1.0.0 was started.
2016-05-10 08:43:15,164[FW Start/Stop]|INFO|com.prosyst.mbs.system.bundle|21-com.prosyst.mbs.system.bundle-1.0.0|Bundle with id #10 com.prosyst.mbs.osgi.api, 1.0.8 was started.
2016-05-10 08:43:15,164[FW Start/Stop]|INFO|com.prosyst.mbs.system.bundle|21-com.prosyst.mbs.system.bundle-1.0.0|Bundle with id #6 com.prosyst.mbs.osgi.eventadmin, 1.0.8 was started.
2016-05-10 08:43:15,164[FW Start/Stop]|INFO|com.prosyst.mbs.system.bundle|21-com.prosyst.mbs.system.bundle-1.0.0|Bundle with id #8 com.prosyst.mbs.osgi.cm.bundle, 1.0.8 was started.
2016-05-10 08:43:15,164[FW Start/Stop]|INFO|com.prosyst.mbs.system.bundle|21-com.prosyst.mbs.system.bundle-1.0.0|Bundle with id #17 org.apache.felix.fileinstall, 3.5.0 was started.
2016-05-10 08:43:15,165[FW Start/Stop]|INFO|com.prosyst.mbs.system.bundle|21-com.prosyst.mbs.system.bundle-1.0.0|Bundle with id #18 com.prosyst.mbs.osgi.useradmin, 1.0.8 was lazy started.
2016-05-10 08:43:15,165[FW Start/Stop]|INFO|com.prosyst.mbs.system.bundle|21-com.prosyst.mbs.system.bundle-1.0.0|Bundle with id #19 org.ops4j.pax.logging.pax-logging-api, 1.8.3 was started.
2016-05-10 08:43:15,165[FW Start/Stop]|INFO|com.prosyst.mbs.system.bundle|21-com.prosyst.mbs.system.bundle-1.0.0|Bundle with id #20 org.ops4j.pax.logging.pax-logging-service, 1.8.3 was started.
2016-05-10 08:43:15,165[FW Buff Logger]|INFO|com.prosyst.mbs.system.bundle|21-com.prosyst.mbs.system.bundle-1.0.0|Bundle with id #21 com.prosyst.mbs.system.bundle, 1.0.0 was started.
2016-05-10 08:43:15,687[FW Buff Logger]|INFO|com.prosyst.mbs.system.bundle|21-com.prosyst.mbs.system.bundle-1.0.0|Bundle with id #22 com.ge.dspmicro.securityadmin, 16.1.1 was started.
2016-05-10 08:43:15,696[FW Buff Logger]|INFO|com.prosyst.mbs.system.bundle|21-com.prosyst.mbs.system.bundle-1.0.0|Bundle with id #23 org.apache.felix.dependencymanager, 4.1.0 was started.
2016-05-10 08:43:15,836[FW Start/Stop]|INFO|org.eclipse.jetty.server.Server|24-org.apache.felix.http.bundle-2.3.2|jetty-8.1.14.v20131031
2016-05-10 08:43:15,944[FW Start/Stop]|INFO|org.eclipse.jetty.server.AbstractConnector|24-org.apache.felix.http.bundle-2.3.2|Started SelectChannelConnector@0.0.0.0:8181
2016-05-10 08:43:15,979[CM Managed Services Thread]|INFO|org.eclipse.jetty.server.handler.ContextHandler|24-org.apache.felix.http.bundle-2.3.2|stopped o.e.j.s.ServletContextHandler{/,null}
2016-05-10 08:43:15,980[FW Buff Logger]|INFO|com.prosyst.mbs.system.bundle|21-com.prosyst.mbs.system.bundle-1.0.0|Bundle with id #24 org.apache.felix.http.bundle, 2.3.2 was started.
2016-05-10 08:43:16,043[CM Managed Services Thread]|INFO|org.eclipse.jetty.server.Server|24-org.apache.felix.http.bundle-2.3.2|jetty-8.1.14.v20131031
2016-05-10 08:43:16,048[FW Buff Logger]|INFO|com.prosyst.mbs.system.bundle|21-com.prosyst.mbs.system.bundle-1.0.0|Bundle with id #25 com.prosyst.mbs.osgi.scr, 1.0.8 was started.
2016-05-10 08:43:16,049[FW Buff Logger]|INFO|com.prosyst.mbs.system.bundle|21-com.prosyst.mbs.system.bundle-1.0.0|Bundle with id #29 com.ge.dspmicro.device-common, 16.1.1 was started.
2016-05-10 08:43:16,139[FW Buff Logger]|INFO|com.prosyst.mbs.system.bundle|21-com.prosyst.mbs.system.bundle-1.0.0|Bundle with id #30 jackson-core-asl, 1.9.13 was started.
2016-05-10 08:43:16,140[FW Buff Logger]|INFO|com.prosyst.mbs.system.bundle|21-com.prosyst.mbs.system.bundle-1.0.0|Bundle with id #31 jackson-mapper-asl, 1.9.13 was started.
2016-05-10 08:43:16,145[FW Buff Logger]|INFO|com.prosyst.mbs.system.bundle|21-com.prosyst.mbs.system.bundle-1.0.0|Bundle with id #32 com.prosyst.mbs.osgi.commands, 1.0.8 was lazy started.
2016-05-10 08:43:16,147[FW Buff Logger]|INFO|com.prosyst.mbs.system.bundle|21-com.prosyst.mbs.system.bundle-1.0.0|Bundle with id #33 com.prosyst.mbs.core.commands, 1.0.2 was lazy started.
2016-05-10 08:43:16,147[FW Buff Logger]|INFO|com.prosyst.mbs.system.bundle|21-com.prosyst.mbs.system.bundle-1.0.0|Bundle with id #35 jackson-jaxrs, 1.9.13 was started.
2016-05-10 08:43:16,171[CM Managed Services Thread]|INFO|org.eclipse.jetty.util.ssl.SslContextFactory|24-org.apache.felix.http.bundle-2.3.2|Enabled Protocols [SSLv2Hello, TLSv1, TLSv1.1, TLSv1.2] of [SSLv2Hello, SSLv3, TLSv1, TLSv1.1, TLSv1.2]
2016-05-10 08:43:16,177[CM Managed Services Thread]|INFO|org.eclipse.jetty.server.AbstractConnector|24-org.apache.felix.http.bundle-2.3.2|Started SslSelectChannelConnector@0.0.0.0:8443
2016-05-10 08:43:16,187[FW Buff Logger]|INFO|com.prosyst.mbs.system.bundle|21-com.prosyst.mbs.system.bundle-1.0.0|Bundle with id #36 com.eclipsesource.jaxrs.provider.security, 2.0.0.201407081443 was started.
2016-05-10 08:43:16,197[FW Buff Logger]|INFO|com.prosyst.mbs.system.bundle|21-com.prosyst.mbs.system.bundle-1.0.0|Bundle with id #37 com.eclipsesource.jaxrs.provider.multipart, 2.0.0.201407081443 was started.
2016-05-10 08:43:16,197[FW Buff Logger]|INFO|com.prosyst.mbs.system.bundle|21-com.prosyst.mbs.system.bundle-1.0.0|Bundle with id #38 com.ge.dspmicro.jaxrs-entityprovider-json, 16.1.1 was started.
2016-05-10 08:43:16,328[FW Buff Logger]|INFO|com.prosyst.mbs.system.bundle|21-com.prosyst.mbs.system.bundle-1.0.0|Bundle with id #7 com.prosyst.mbs.osgi.metatype.bundle, 1.0.8 was started.
2016-05-10 08:43:16,406[FW Buff Logger]|INFO|com.prosyst.mbs.system.bundle|21-com.prosyst.mbs.system.bundle-1.0.0|Bundle with id #18 com.prosyst.mbs.osgi.useradmin, 1.0.8 was started.
2016-05-10 08:43:16,417[FW Buff Logger]|INFO|com.prosyst.mbs.system.bundle|21-com.prosyst.mbs.system.bundle-1.0.0|Bundle with id #32 com.prosyst.mbs.osgi.commands, 1.0.8 was started.
2016-05-10 08:43:16,511[FW Buff Logger]|INFO|com.prosyst.mbs.system.bundle|21-com.prosyst.mbs.system.bundle-1.0.0|Bundle with id #12 com.eclipsesource.jaxrs.jersey-all, 2.10.1 was started.
2016-05-10 08:43:17,606[FW Start/Stop]|INFO|org.glassfish.jersey.server.ApplicationHandler|12-com.eclipsesource.jaxrs.jersey-all-2.10.1|Initiating Jersey application, version Jersey: 2.10.1 2014-06-30 13:53:32...
2016-05-10 08:43:17,857[FW Start/Stop]|INFO|org.glassfish.jersey.server.ApplicationHandler|12-com.eclipsesource.jaxrs.jersey-all-2.10.1|Initiating Jersey application, version Jersey: 2.10.1 2014-06-30 13:53:32...
2016-05-10 08:43:17,909[FW Start/Stop]|INFO|org.glassfish.jersey.server.ApplicationHandler|12-com.eclipsesource.jaxrs.jersey-all-2.10.1|Initiating Jersey application, version Jersey: 2.10.1 2014-06-30 13:53:32...
2016-05-10 08:43:17,977[FW Start/Stop]|INFO|org.glassfish.jersey.server.ApplicationHandler|12-com.eclipsesource.jaxrs.jersey-all-2.10.1|Initiating Jersey application, version Jersey: 2.10.1 2014-06-30 13:53:32...
2016-05-10 08:43:18,072[FW Buff Logger]|INFO|com.prosyst.mbs.system.bundle|21-com.prosyst.mbs.system.bundle-1.0.0|Bundle with id #33 com.prosyst.mbs.core.commands, 1.0.2 was started.
2016-05-10 08:43:18,083[FW Start/Stop]|INFO|org.glassfish.jersey.server.ApplicationHandler|12-com.eclipsesource.jaxrs.jersey-all-2.10.1|Initiating Jersey application, version Jersey: 2.10.1 2014-06-30 13:53:32...
2016-05-10 08:43:18,133[FW Buff Logger]|INFO|com.prosyst.mbs.system.bundle|21-com.prosyst.mbs.system.bundle-1.0.0|Bundle with id #40 com.eclipsesource.jaxrs.publisher, 4.1.0.201407081443 was started.
2016-05-10 08:43:18,137[FW Buff Logger]|INFO|com.prosyst.mbs.system.bundle|21-com.prosyst.mbs.system.bundle-1.0.0|Bundle with id #41 com.prosyst.mbs.core.console, 1.0.2 was started.
2016-05-10 08:43:18,139[FW Buff Logger]|INFO|com.prosyst.mbs.system.bundle|21-com.prosyst.mbs.system.bundle-1.0.0|Bundle with id #42 org.kxml2, 2.3.0.prosyst2 was started.
2016-05-10 08:43:18,139[FW Buff Logger]|INFO|com.prosyst.mbs.system.bundle|21-com.prosyst.mbs.system.bundle-1.0.0|Bundle with id #43 org.apache.commons.io, 2.4.0 was started.
2016-05-10 08:43:18,162[FW Buff Logger]|INFO|com.prosyst.mbs.system.bundle|21-com.prosyst.mbs.system.bundle-1.0.0|Bundle with id #44 org.apache.httpcomponents.httpclient, 4.4.1 was started.
2016-05-10 08:43:18,163[FW Buff Logger]|INFO|com.prosyst.mbs.system.bundle|21-com.prosyst.mbs.system.bundle-1.0.0|Bundle with id #45 org.apache.servicemix.bundles.jaxb-impl, 2.2.1.1_2 was started.
2016-05-10 08:43:18,164[FW Buff Logger]|INFO|com.prosyst.mbs.system.bundle|21-com.prosyst.mbs.system.bundle-1.0.0|Bundle with id #46 org.json, 20131018.0.0.prosyst1 was started.
2016-05-10 08:43:18,238[FW Buff Logger]|INFO|com.prosyst.mbs.system.bundle|21-com.prosyst.mbs.system.bundle-1.0.0|Bundle with id #48 org.h2, 1.4.185 was started.
2016-05-10 08:43:18,239[FW Buff Logger]|INFO|com.prosyst.mbs.system.bundle|21-com.prosyst.mbs.system.bundle-1.0.0|Bundle with id #49 com.ge.dspmicro.modelregistry, 16.1.1 was started.
2016-05-10 08:43:18,254[FW Buff Logger]|INFO|com.prosyst.mbs.system.bundle|21-com.prosyst.mbs.system.bundle-1.0.0|Bundle with id #55 com.ge.dspmicro.httpriver-send, 16.1.1 was started.
2016-05-10 08:43:18,323[Component Resolve Thread (Bundle 25)]|WARN|com.ge.dspmicro.httpriver.send.impl.HttpRiverConfigImpl|55-com.ge.dspmicro.httpriver-send-16.1.1|HTTP river com.ge.dspmicro.httpriver.send.river.name not available. Configuration for destination host is empty.
2016-05-10 08:43:18,323[Component Resolve Thread (Bundle 25)]|WARN|com.ge.dspmicro.httpriver.send.impl.HttpRiverSendImpl|55-com.ge.dspmicro.httpriver-send-16.1.1|No Predix cloud HTTP client is available. HTTP River will not be able to send data until the client identity service is configured.
2016-05-10 08:43:18,325[FW Buff Logger]|INFO|com.prosyst.mbs.system.bundle|21-com.prosyst.mbs.system.bundle-1.0.0|Bundle with id #56 com.ge.dspmicro.opcua-common, 16.1.1 was started.
2016-05-10 08:43:18,325[FW Buff Logger]|INFO|com.prosyst.mbs.system.bundle|21-com.prosyst.mbs.system.bundle-1.0.0|Bundle with id #57 com.ge.dspmicro.websocketriver-send, 16.1.1 was started.
2016-05-10 08:43:18,328[FW Buff Logger]|INFO|com.prosyst.mbs.system.bundle|21-com.prosyst.mbs.system.bundle-1.0.0|Bundle with id #58 org.eclipse.jetty.security, 9.2.1.v20140609 was started.
2016-05-10 08:43:18,328[FW Buff Logger]|INFO|com.prosyst.mbs.system.bundle|21-com.prosyst.mbs.system.bundle-1.0.0|Bundle with id #59 org.eclipse.jetty.servlet, 9.2.1.v20140609 was started.
2016-05-10 08:43:18,329[FW Buff Logger]|INFO|com.prosyst.mbs.system.bundle|21-com.prosyst.mbs.system.bundle-1.0.0|Bundle with id #60 org.eclipse.jetty.http, 9.2.1.v20140609 was started.
2016-05-10 08:43:18,329[FW Buff Logger]|INFO|com.prosyst.mbs.system.bundle|21-com.prosyst.mbs.system.bundle-1.0.0|Bundle with id #61 org.eclipse.jetty.util, 9.2.1.v20140609 was started.
2016-05-10 08:43:18,330[FW Buff Logger]|INFO|com.prosyst.mbs.system.bundle|21-com.prosyst.mbs.system.bundle-1.0.0|Bundle with id #62 org.eclipse.jetty.io, 9.2.1.v20140609 was started.
2016-05-10 08:43:18,330[FW Buff Logger]|INFO|com.prosyst.mbs.system.bundle|21-com.prosyst.mbs.system.bundle-1.0.0|Bundle with id #63 org.eclipse.jetty.websocket.servlet, 9.2.1.v20140609 was started.
2016-05-10 08:43:18,330[FW Buff Logger]|INFO|com.prosyst.mbs.system.bundle|21-com.prosyst.mbs.system.bundle-1.0.0|Bundle with id #64 org.eclipse.jetty.websocket.client, 9.2.1.v20140609 was started.
2016-05-10 08:43:18,331[FW Buff Logger]|INFO|com.prosyst.mbs.system.bundle|21-com.prosyst.mbs.system.bundle-1.0.0|Bundle with id #65 org.eclipse.jetty.websocket.common, 9.2.1.v20140609 was started.
2016-05-10 08:43:18,331[FW Buff Logger]|INFO|com.prosyst.mbs.system.bundle|21-com.prosyst.mbs.system.bundle-1.0.0|Bundle with id #66 org.eclipse.jetty.websocket.javax.websocket, 9.2.1.v20140609 was started.
2016-05-10 08:43:18,332[FW Buff Logger]|INFO|com.prosyst.mbs.system.bundle|21-com.prosyst.mbs.system.bundle-1.0.0|Bundle with id #67 org.eclipse.jetty.websocket.javax.websocket.server, 9.2.1.v20140609 was started.
2016-05-10 08:43:18,332[FW Buff Logger]|INFO|com.prosyst.mbs.system.bundle|21-com.prosyst.mbs.system.bundle-1.0.0|Bundle with id #68 org.eclipse.jetty.server, 9.2.1.v20140609 was started.
2016-05-10 08:43:18,333[FW Buff Logger]|INFO|com.prosyst.mbs.system.bundle|21-com.prosyst.mbs.system.bundle-1.0.0|Bundle with id #69 org.eclipse.jetty.websocket.server, 9.2.1.v20140609 was started.
2016-05-10 08:43:18,333[FW Buff Logger]|INFO|com.prosyst.mbs.system.bundle|21-com.prosyst.mbs.system.bundle-1.0.0|Bundle with id #70 com.ge.dspmicro.httpclient, 16.1.1 was started.
2016-05-10 08:43:18,342[Component Resolve Thread (Bundle 25)]|INFO|com.prosyst.mbs.osgi.eventadmin|6-com.prosyst.mbs.osgi.eventadmin-1.0.8|[Event Admin] Priority Handler registered: com.ge.dspmicro.httpclient Service Registration Registration state is: registered. ID: 75 Ranking: 0  with priority 49
2016-05-10 08:43:18,511[Component Resolve Thread (Bundle 25)]|WARN|com.ge.dspmicro.httpclient.impl.TokenGetter|70-com.ge.dspmicro.httpclient-16.1.1|Client Identity service is not configured yet. Any transfers using this river will fail unless the Client Identity service is configured first.
2016-05-10 08:43:18,512[FW Buff Logger]|INFO|com.prosyst.mbs.system.bundle|21-com.prosyst.mbs.system.bundle-1.0.0|Bundle with id #71 com.ge.dspmicro.predixcloud-identity, 16.1.1 was started.
2016-05-10 08:43:18,544[Component Resolve Thread (Bundle 25)]|INFO|com.prosyst.mbs.osgi.eventadmin|6-com.prosyst.mbs.osgi.eventadmin-1.0.8|[Event Admin] Priority Handler registered: com.ge.dspmicro.device.techconsole Service Registration Registration state is: registered. ID: 78 Ranking: 0  with priority 49
2016-05-10 08:43:18,563[FW Buff Logger]|INFO|com.prosyst.mbs.system.bundle|21-com.prosyst.mbs.system.bundle-1.0.0|Bundle with id #72 com.ge.dspmicro.storeforward-impl, 16.1.1 was started.
2016-05-10 08:43:18,578[Component Resolve Thread (Bundle 25)]|INFO|com.ge.dspmicro.security.admin.impl.SecurityUtilsImpl|22-com.ge.dspmicro.securityadmin-16.1.1|Property "com.ge.dspmicro.storeforward.databasePassword" has been encrypted
2016-05-10 08:43:18,585[FW Buff Logger]|INFO|com.prosyst.mbs.system.bundle|21-com.prosyst.mbs.system.bundle-1.0.0|Bundle with id #73 com.ge.dspmicro.machinegateway-impl, 16.1.1 was started.
2016-05-10 08:43:18,919[Thread-27]|INFO|com.ge.dspmicro.storeforward.impl.StoreForwardImpl|72-com.ge.dspmicro.storeforward-impl-16.1.1|Waiting for forward callback to be set for datastore DefaultStoreForward.
2016-05-10 08:43:18,943[FW Buff Logger]|INFO|com.prosyst.mbs.system.bundle|21-com.prosyst.mbs.system.bundle-1.0.0|Bundle with id #74 com.ge.dspmicro.hoover-impl, 16.1.1 was started.
2016-05-10 08:43:18,984[Thread-32]|INFO|com.ge.dspmicro.storeforward.impl.StoreForwardImpl|72-com.ge.dspmicro.storeforward-impl-16.1.1|Waiting for forward callback to be set for datastore DefaultStoreForward.
2016-05-10 08:43:19,007[Component Resolve Thread (Bundle 25)]|WARN|com.ge.dspmicro.machinegateway.impl.MachineGatewayImpl|73-com.ge.dspmicro.machinegateway-impl-16.1.1|Subscription "Temperature_Subscription" cannot be found.
2016-05-10 08:43:19,007[Component Resolve Thread (Bundle 25)]|WARN|com.ge.dspmicro.machinegateway.impl.MachineGatewayImpl|73-com.ge.dspmicro.machinegateway-impl-16.1.1|Subscription "OPCUA_Subscription_2" cannot be found.
2016-05-10 08:43:19,007[Component Resolve Thread (Bundle 25)]|WARN|com.ge.dspmicro.machinegateway.impl.MachineGatewayImpl|73-com.ge.dspmicro.machinegateway-impl-16.1.1|Subscription "OPCUA_Subscription_1" cannot be found.
2016-05-10 08:43:19,008[Component Resolve Thread (Bundle 25)]|WARN|com.ge.dspmicro.machinegateway.impl.MachineGatewayImpl|73-com.ge.dspmicro.machinegateway-impl-16.1.1|Subscription "Pressure_Subscription" cannot be found.
2016-05-10 08:43:19,008[Component Resolve Thread (Bundle 25)]|INFO|com.ge.dspmicro.storeforward.impl.StoreForwardImpl|72-com.ge.dspmicro.storeforward-impl-16.1.1|Set forward callback for datastore DefaultStoreForward.
2016-05-10 08:43:19,009[FW Buff Logger]|INFO|com.prosyst.mbs.system.bundle|21-com.prosyst.mbs.system.bundle-1.0.0|Bundle with id #75 com.ge.dspmicro.machineadapter-opcua, 16.1.1 was started.
2016-05-10 08:43:19,182[Component Resolve Thread (Bundle 25)]|INFO|com.ge.dspmicro.security.admin.impl.SecurityUtilsImpl|22-com.ge.dspmicro.securityadmin-16.1.1|Property "com.ge.dspmicro.machineadapter.opcua.keystore.password" has been encrypted
2016-05-10 08:43:19,183[Component Resolve Thread (Bundle 25)]|INFO|com.ge.dspmicro.machinegateway.impl.MachineGatewayImpl|73-com.ge.dspmicro.machinegateway-impl-16.1.1|Machine adapter "ebdf0991-6c89-4c03-bb31-b37155804853" started.
2016-05-10 08:43:19,184[FW Buff Logger]|INFO|com.prosyst.mbs.system.bundle|21-com.prosyst.mbs.system.bundle-1.0.0|Bundle with id #76 com.ge.dspmicro.machineadapter-modbus, 16.1.1 was started.
2016-05-10 08:43:19,428[Component Resolve Thread (Bundle 25)]|INFO|com.ge.dspmicro.machinegateway.impl.MachineGatewayImpl|73-com.ge.dspmicro.machinegateway-impl-16.1.1|Machine adapter "4e03d4c8-c512-4a61-a525-e5e963f66051" started.
2016-05-10 08:43:19,429[FW Buff Logger]|INFO|com.prosyst.mbs.system.bundle|21-com.prosyst.mbs.system.bundle-1.0.0|Bundle with id #77 com.ge.dspmicro.machineadapter-healthmonitor, 16.1.1 was started.
2016-05-10 08:43:19,430[Component Resolve Thread (Bundle 25)]|INFO|com.ge.dspmicro.machinegateway.impl.MachineGatewayImpl|73-com.ge.dspmicro.machinegateway-impl-16.1.1|Machine adapter "ebdf0991-6c89-4c03-bb31-b37155804853" stopped.
2016-05-10 08:43:19,433[Component Resolve Thread (Bundle 25)]|INFO|com.ge.dspmicro.security.admin.impl.SecurityUtilsImpl|22-com.ge.dspmicro.securityadmin-16.1.1|Property "com.ge.dspmicro.machineadapter.opcua.key.password" has been encrypted
2016-05-10 08:43:19,434[Component Resolve Thread (Bundle 25)]|INFO|com.ge.dspmicro.machinegateway.impl.MachineGatewayImpl|73-com.ge.dspmicro.machinegateway-impl-16.1.1|Machine adapter "0c9f8296-a208-4ae6-b5da-e4e3070cca7c" started.
2016-05-10 08:43:19,474[Component Resolve Thread (Bundle 25)]|INFO|com.ge.dspmicro.machinegateway.impl.MachineGatewayImpl|73-com.ge.dspmicro.machinegateway-impl-16.1.1|Machine adapter "256e2db7-67c3-40fd-a234-7186fe9fb141" started.
2016-05-10 08:43:19,476[FW Buff Logger]|INFO|com.prosyst.mbs.system.bundle|21-com.prosyst.mbs.system.bundle-1.0.0|Bundle with id #78 com.ge.dspmicro.wsclient-impl, 16.1.1 was started.
2016-05-10 08:43:19,476[Component Resolve Thread (Bundle 25)]|INFO|com.ge.dspmicro.machinegateway.impl.MachineGatewayImpl|73-com.ge.dspmicro.machinegateway-impl-16.1.1|Machine adapter "0c9f8296-a208-4ae6-b5da-e4e3070cca7c" stopped.
2016-05-10 08:43:19,480[Component Resolve Thread (Bundle 25)]|INFO|com.ge.dspmicro.security.admin.impl.SecurityUtilsImpl|22-com.ge.dspmicro.securityadmin-16.1.1|Property "com.ge.dspmicro.machineadapter.opcua.truststore.password" has been encrypted
2016-05-10 08:43:19,481[Component Resolve Thread (Bundle 25)]|INFO|com.ge.dspmicro.machinegateway.impl.MachineGatewayImpl|73-com.ge.dspmicro.machinegateway-impl-16.1.1|Machine adapter "b4626252-3818-4e92-b790-19fad57a80fb" started.
2016-05-10 08:43:19,563[Component Resolve Thread (Bundle 25)]|INFO|org.eclipse.jetty.util.log|61-org.eclipse.jetty.util-9.2.1.v20140609|Logging initialized @6293ms
2016-05-10 08:43:19,658[Component Resolve Thread (Bundle 25)]|WARN|com.ge.dspmicro.websocketriver.send.impl.WebSocketRiverConfigImpl|57-com.ge.dspmicro.websocketriver-send-16.1.1|Configuration com.ge.dspmicro.websocketriver.send.destination.url must not be empty.
2016-05-10 08:43:19,667[FW Buff Logger]|INFO|com.prosyst.mbs.system.bundle|21-com.prosyst.mbs.system.bundle-1.0.0|Bundle with id #79 com.ge.dspmicro.wsserver, 16.1.1 was started.
2016-05-10 08:43:19,667[Component Resolve Thread (Bundle 25)]|INFO|com.ge.dspmicro.machinegateway.impl.MachineGatewayImpl|73-com.ge.dspmicro.machinegateway-impl-16.1.1|Machine adapter "b4626252-3818-4e92-b790-19fad57a80fb" stopped.
2016-05-10 08:43:19,670[Component Resolve Thread (Bundle 25)]|WARN|com.ge.dspmicro.machineadapter.opcua.impl.OPCUAMachineAdapterImpl|75-com.ge.dspmicro.machineadapter-opcua-16.1.1|OPC-UA Machine Adapter is not configured. It will not be used
2016-05-10 08:43:19,670[Component Resolve Thread (Bundle 25)]|INFO|com.ge.dspmicro.machinegateway.impl.MachineGatewayImpl|73-com.ge.dspmicro.machinegateway-impl-16.1.1|Machine adapter "76f7bc4f-8e43-445b-93d9-a9ffffe4ffd4" started.
2016-05-10 08:43:19,704[Component Resolve Thread (Bundle 25)]|INFO|com.ge.dspmicro.wsserver.WebSocketServerConnector|79-com.ge.dspmicro.wsserver-16.1.1|WebSocket server ports are not set, leaving disabled
2016-05-10 08:43:19,706[FW Buff Logger]|INFO|com.prosyst.mbs.system.bundle|21-com.prosyst.mbs.system.bundle-1.0.0|[PlatformState] State Change from STARTING to ACTIVE
2016-05-10 08:43:28,809[FW Buff Logger]|INFO|com.prosyst.mbs.system.bundle|21-com.prosyst.mbs.system.bundle-1.0.0|[Framework] OSGi Runtime is Stopping!
2016-05-10 08:43:28,809[FW Buff Logger]|INFO|com.prosyst.mbs.system.bundle|21-com.prosyst.mbs.system.bundle-1.0.0|[PlatformState] Request State STOPPING
2016-05-10 08:43:28,809[FW Buff Logger]|INFO|com.prosyst.mbs.system.bundle|21-com.prosyst.mbs.system.bundle-1.0.0|[PlatformState] State Change from ACTIVE to STOPPING
2016-05-10 08:43:28,816[FW Buff Logger]|INFO|com.prosyst.mbs.system.bundle|21-com.prosyst.mbs.system.bundle-1.0.0|Bundle with id #79 com.ge.dspmicro.wsserver, 16.1.1 was stopped.
2016-05-10 08:43:28,817[FW Buff Logger]|INFO|com.prosyst.mbs.system.bundle|21-com.prosyst.mbs.system.bundle-1.0.0|Bundle with id #78 com.ge.dspmicro.wsclient-impl, 16.1.1 was stopped.
2016-05-10 08:43:28,817[FW Start/Stop]|INFO|com.ge.dspmicro.machinegateway.impl.MachineGatewayImpl|73-com.ge.dspmicro.machinegateway-impl-16.1.1|Machine adapter "256e2db7-67c3-40fd-a234-7186fe9fb141" stopped.
2016-05-10 08:43:28,818[FW Buff Logger]|INFO|com.prosyst.mbs.system.bundle|21-com.prosyst.mbs.system.bundle-1.0.0|Bundle with id #77 com.ge.dspmicro.machineadapter-healthmonitor, 16.1.1 was stopped.
2016-05-10 08:43:28,819[FW Start/Stop]|INFO|com.ge.dspmicro.machinegateway.impl.MachineGatewayImpl|73-com.ge.dspmicro.machinegateway-impl-16.1.1|Machine adapter "4e03d4c8-c512-4a61-a525-e5e963f66051" stopped.
2016-05-10 08:43:28,819[FW Buff Logger]|INFO|com.prosyst.mbs.system.bundle|21-com.prosyst.mbs.system.bundle-1.0.0|Bundle with id #76 com.ge.dspmicro.machineadapter-modbus, 16.1.1 was stopped.
2016-05-10 08:43:28,820[FW Start/Stop]|INFO|com.ge.dspmicro.machinegateway.impl.MachineGatewayImpl|73-com.ge.dspmicro.machinegateway-impl-16.1.1|Machine adapter "76f7bc4f-8e43-445b-93d9-a9ffffe4ffd4" stopped.
2016-05-10 08:43:28,820[FW Buff Logger]|INFO|com.prosyst.mbs.system.bundle|21-com.prosyst.mbs.system.bundle-1.0.0|Bundle with id #75 com.ge.dspmicro.machineadapter-opcua, 16.1.1 was stopped.
2016-05-10 08:43:28,821[FW Buff Logger]|INFO|com.prosyst.mbs.system.bundle|21-com.prosyst.mbs.system.bundle-1.0.0|Bundle with id #74 com.ge.dspmicro.hoover-impl, 16.1.1 was stopped.
2016-05-10 08:43:28,822[FW Buff Logger]|INFO|com.prosyst.mbs.system.bundle|21-com.prosyst.mbs.system.bundle-1.0.0|Bundle with id #73 com.ge.dspmicro.machinegateway-impl, 16.1.1 was stopped.
2016-05-10 08:43:28,823[FW Buff Logger]|INFO|com.prosyst.mbs.system.bundle|21-com.prosyst.mbs.system.bundle-1.0.0|Bundle with id #72 com.ge.dspmicro.storeforward-impl, 16.1.1 was stopped.
2016-05-10 08:43:28,824[FW Buff Logger]|INFO|com.prosyst.mbs.system.bundle|21-com.prosyst.mbs.system.bundle-1.0.0|Bundle with id #71 com.ge.dspmicro.predixcloud-identity, 16.1.1 was stopped.
2016-05-10 08:43:28,826[FW Buff Logger]|INFO|com.prosyst.mbs.system.bundle|21-com.prosyst.mbs.system.bundle-1.0.0|Bundle with id #70 com.ge.dspmicro.httpclient, 16.1.1 was stopped.
2016-05-10 08:43:28,826[FW Buff Logger]|INFO|com.prosyst.mbs.system.bundle|21-com.prosyst.mbs.system.bundle-1.0.0|Bundle with id #69 org.eclipse.jetty.websocket.server, 9.2.1.v20140609 was stopped.
2016-05-10 08:43:28,826[FW Buff Logger]|INFO|com.prosyst.mbs.system.bundle|21-com.prosyst.mbs.system.bundle-1.0.0|Bundle with id #68 org.eclipse.jetty.server, 9.2.1.v20140609 was stopped.
2016-05-10 08:43:28,826[FW Buff Logger]|INFO|com.prosyst.mbs.system.bundle|21-com.prosyst.mbs.system.bundle-1.0.0|Bundle with id #67 org.eclipse.jetty.websocket.javax.websocket.server, 9.2.1.v20140609 was stopped.
2016-05-10 08:43:28,826[FW Buff Logger]|INFO|com.prosyst.mbs.system.bundle|21-com.prosyst.mbs.system.bundle-1.0.0|Bundle with id #66 org.eclipse.jetty.websocket.javax.websocket, 9.2.1.v20140609 was stopped.
2016-05-10 08:43:28,826[FW Buff Logger]|INFO|com.prosyst.mbs.system.bundle|21-com.prosyst.mbs.system.bundle-1.0.0|Bundle with id #65 org.eclipse.jetty.websocket.common, 9.2.1.v20140609 was stopped.
2016-05-10 08:43:28,826[FW Buff Logger]|INFO|com.prosyst.mbs.system.bundle|21-com.prosyst.mbs.system.bundle-1.0.0|Bundle with id #64 org.eclipse.jetty.websocket.client, 9.2.1.v20140609 was stopped.
2016-05-10 08:43:28,826[FW Buff Logger]|INFO|com.prosyst.mbs.system.bundle|21-com.prosyst.mbs.system.bundle-1.0.0|Bundle with id #63 org.eclipse.jetty.websocket.servlet, 9.2.1.v20140609 was stopped.
2016-05-10 08:43:28,827[FW Buff Logger]|INFO|com.prosyst.mbs.system.bundle|21-com.prosyst.mbs.system.bundle-1.0.0|Bundle with id #62 org.eclipse.jetty.io, 9.2.1.v20140609 was stopped.
2016-05-10 08:43:28,827[FW Buff Logger]|INFO|com.prosyst.mbs.system.bundle|21-com.prosyst.mbs.system.bundle-1.0.0|Bundle with id #61 org.eclipse.jetty.util, 9.2.1.v20140609 was stopped.
2016-05-10 08:43:28,827[FW Buff Logger]|INFO|com.prosyst.mbs.system.bundle|21-com.prosyst.mbs.system.bundle-1.0.0|Bundle with id #60 org.eclipse.jetty.http, 9.2.1.v20140609 was stopped.
2016-05-10 08:43:28,827[FW Buff Logger]|INFO|com.prosyst.mbs.system.bundle|21-com.prosyst.mbs.system.bundle-1.0.0|Bundle with id #59 org.eclipse.jetty.servlet, 9.2.1.v20140609 was stopped.
2016-05-10 08:43:28,827[FW Buff Logger]|INFO|com.prosyst.mbs.system.bundle|21-com.prosyst.mbs.system.bundle-1.0.0|Bundle with id #58 org.eclipse.jetty.security, 9.2.1.v20140609 was stopped.
2016-05-10 08:43:28,827[FW Buff Logger]|INFO|com.prosyst.mbs.system.bundle|21-com.prosyst.mbs.system.bundle-1.0.0|Bundle with id #57 com.ge.dspmicro.websocketriver-send, 16.1.1 was stopped.
2016-05-10 08:43:28,827[FW Buff Logger]|INFO|com.prosyst.mbs.system.bundle|21-com.prosyst.mbs.system.bundle-1.0.0|Bundle with id #56 com.ge.dspmicro.opcua-common, 16.1.1 was stopped.
2016-05-10 08:43:28,828[FW Buff Logger]|INFO|com.prosyst.mbs.system.bundle|21-com.prosyst.mbs.system.bundle-1.0.0|Bundle with id #55 com.ge.dspmicro.httpriver-send, 16.1.1 was stopped.
2016-05-10 08:43:28,828[FW Buff Logger]|INFO|com.prosyst.mbs.system.bundle|21-com.prosyst.mbs.system.bundle-1.0.0|Bundle with id #49 com.ge.dspmicro.modelregistry, 16.1.1 was stopped.
2016-05-10 08:43:28,829[FW Buff Logger]|INFO|com.prosyst.mbs.system.bundle|21-com.prosyst.mbs.system.bundle-1.0.0|Bundle with id #48 org.h2, 1.4.185 was stopped.
2016-05-10 08:43:28,829[FW Buff Logger]|INFO|com.prosyst.mbs.system.bundle|21-com.prosyst.mbs.system.bundle-1.0.0|Bundle with id #46 org.json, 20131018.0.0.prosyst1 was stopped.
2016-05-10 08:43:28,829[FW Buff Logger]|INFO|com.prosyst.mbs.system.bundle|21-com.prosyst.mbs.system.bundle-1.0.0|Bundle with id #45 org.apache.servicemix.bundles.jaxb-impl, 2.2.1.1_2 was stopped.
2016-05-10 08:43:28,830[FW Buff Logger]|INFO|com.prosyst.mbs.system.bundle|21-com.prosyst.mbs.system.bundle-1.0.0|Bundle with id #44 org.apache.httpcomponents.httpclient, 4.4.1 was stopped.
2016-05-10 08:43:28,830[FW Buff Logger]|INFO|com.prosyst.mbs.system.bundle|21-com.prosyst.mbs.system.bundle-1.0.0|Bundle with id #43 org.apache.commons.io, 2.4.0 was stopped.
2016-05-10 08:43:28,830[FW Buff Logger]|INFO|com.prosyst.mbs.system.bundle|21-com.prosyst.mbs.system.bundle-1.0.0|Bundle with id #42 org.kxml2, 2.3.0.prosyst2 was stopped.
2016-05-10 08:43:28,830[FW Buff Logger]|INFO|com.prosyst.mbs.system.bundle|21-com.prosyst.mbs.system.bundle-1.0.0|Bundle with id #41 com.prosyst.mbs.core.console, 1.0.2 was stopped.
2016-05-10 08:43:28,994[FW Buff Logger]|INFO|com.prosyst.mbs.system.bundle|21-com.prosyst.mbs.system.bundle-1.0.0|Bundle with id #40 com.eclipsesource.jaxrs.publisher, 4.1.0.201407081443 was stopped.
2016-05-10 08:43:28,994[FW Buff Logger]|INFO|com.prosyst.mbs.system.bundle|21-com.prosyst.mbs.system.bundle-1.0.0|Bundle with id #38 com.ge.dspmicro.jaxrs-entityprovider-json, 16.1.1 was stopped.
2016-05-10 08:43:28,995[FW Buff Logger]|INFO|com.prosyst.mbs.system.bundle|21-com.prosyst.mbs.system.bundle-1.0.0|Bundle with id #37 com.eclipsesource.jaxrs.provider.multipart, 2.0.0.201407081443 was stopped.
2016-05-10 08:43:28,995[FW Buff Logger]|INFO|com.prosyst.mbs.system.bundle|21-com.prosyst.mbs.system.bundle-1.0.0|Bundle with id #36 com.eclipsesource.jaxrs.provider.security, 2.0.0.201407081443 was stopped.
2016-05-10 08:43:28,995[FW Buff Logger]|INFO|com.prosyst.mbs.system.bundle|21-com.prosyst.mbs.system.bundle-1.0.0|Bundle with id #35 jackson-jaxrs, 1.9.13 was stopped.
2016-05-10 08:43:28,997[FW Buff Logger]|INFO|com.prosyst.mbs.system.bundle|21-com.prosyst.mbs.system.bundle-1.0.0|Bundle with id #33 com.prosyst.mbs.core.commands, 1.0.2 was stopped.
2016-05-10 08:43:28,998[FW Buff Logger]|INFO|com.prosyst.mbs.system.bundle|21-com.prosyst.mbs.system.bundle-1.0.0|Bundle with id #32 com.prosyst.mbs.osgi.commands, 1.0.8 was stopped.
2016-05-10 08:43:28,998[FW Buff Logger]|INFO|com.prosyst.mbs.system.bundle|21-com.prosyst.mbs.system.bundle-1.0.0|Bundle with id #31 jackson-mapper-asl, 1.9.13 was stopped.
2016-05-10 08:43:28,998[FW Buff Logger]|INFO|com.prosyst.mbs.system.bundle|21-com.prosyst.mbs.system.bundle-1.0.0|Bundle with id #30 jackson-core-asl, 1.9.13 was stopped.
2016-05-10 08:43:28,998[FW Buff Logger]|INFO|com.prosyst.mbs.system.bundle|21-com.prosyst.mbs.system.bundle-1.0.0|Bundle with id #29 com.ge.dspmicro.device-common, 16.1.1 was stopped.
2016-05-10 08:43:29,000[FW Buff Logger]|INFO|com.prosyst.mbs.system.bundle|21-com.prosyst.mbs.system.bundle-1.0.0|Bundle with id #25 com.prosyst.mbs.osgi.scr, 1.0.8 was stopped.
2016-05-10 08:43:29,024[FW Start/Stop]|INFO|org.eclipse.jetty.server.handler.ContextHandler|24-org.apache.felix.http.bundle-2.3.2|stopped o.e.j.s.ServletContextHandler{/,null}
2016-05-10 08:43:29,076[FW Buff Logger]|INFO|com.prosyst.mbs.system.bundle|21-com.prosyst.mbs.system.bundle-1.0.0|Bundle with id #24 org.apache.felix.http.bundle, 2.3.2 was stopped.
2016-05-10 08:43:29,077[FW Buff Logger]|INFO|com.prosyst.mbs.system.bundle|21-com.prosyst.mbs.system.bundle-1.0.0|Bundle with id #23 org.apache.felix.dependencymanager, 4.1.0 was stopped.
2016-05-10 08:43:29,077[FW Buff Logger]|INFO|com.prosyst.mbs.system.bundle|21-com.prosyst.mbs.system.bundle-1.0.0|Bundle with id #22 com.ge.dspmicro.securityadmin, 16.1.1 was stopped.
